<?xml version="1.0" encoding="UTF-8"?>
<!-- Generated by org.testng.reporters.JUnitReportReporter -->
<testsuite hostname="RTL-VJ1" failures="0" tests="1" name="com.citybike.testCases.citybike_location" time="9.407" errors="0" timestamp="2021-04-16T11:59:25 BST" skipped="0">
  <testcase classname="com.citybike.testCases.citybike_location" name="citybikebylocation" time="9.407"/>
  <system-out/>
</testsuite> <!-- com.citybike.testCases.citybike_location -->
